08:13:37 PM CST - INFO - Hello request received
08:19:52 PM CST - INFO - Hello request received
08:21:10 PM CST - INFO - Serving on http://0.0.0.0:65161
08:21:16 PM CST - INFO - Hello request received
08:23:22 PM CST - INFO - Hello request received
08:23:23 PM CST - INFO - Hello request received
08:25:32 PM CST - INFO - Hello request received
08:25:33 PM CST - INFO - Hello request received
08:25:34 PM CST - INFO - Hello request received
08:25:35 PM CST - INFO - Hello request received
08:50:04 PM CST - INFO - Hello request received
10:06:46 PM CST - INFO - Hello request received
10:06:47 PM CST - INFO - Hello request received
10:06:48 PM CST - INFO - Hello request received
10:12:44 PM CST - INFO - Hello request received
10:17:48 PM CST - INFO - Hello request received
10:39:39 PM CST - INFO - Hello request received
10:39:39 PM CST - INFO - Hello request received
10:39:40 PM CST - INFO - Hello request received
10:39:40 PM CST - INFO - Hello request received
10:39:42 PM CST - INFO - Hello request received
10:39:43 PM CST - INFO - Hello request received
03:43:39 AM CST - INFO - Hello request received
03:43:42 AM CST - INFO - Hello request received
08:05:06 AM CST - INFO - Hello request received
08:40:36 AM CST - INFO - Hello request received
10:07:09 AM CST - INFO - Hello request received
11:34:12 AM CST - INFO - Hello request received
01:46:12 PM CST - INFO - Hello request received
01:46:15 PM CST - INFO - Hello request received
01:49:06 PM CST - INFO - Hello request received
08:07:09 PM CST - INFO - Hello request received
10:11:16 PM CST - INFO - Hello request received
01:39:39 AM CST - INFO - Hello request received
07:40:48 AM CST - INFO - Hello request received
11:31:27 AM CST - INFO - Hello request received
09:49:12 AM CST - INFO - Serving on http://0.0.0.0:65161
10:29:10 AM CST - INFO - Hello request received
11:05:02 AM CST - INFO - Hello request received
11:48:06 AM CST - INFO - Hello request received
08:07:33 AM CST - INFO - Serving on http://0.0.0.0:65161
09:16:28 AM CST - INFO - Hello request received
11:35:34 AM CST - INFO - Hello request received
07:07:12 AM CST - INFO - Serving on http://0.0.0.0:65161
11:44:53 AM CST - INFO - Hello request received
08:48:24 AM CST - INFO - Hello request received
10:10:40 PM CST - INFO - Hello request received
11:48:04 AM CST - INFO - Hello request received
08:49:24 PM CST - INFO - Hello request received
05:10:25 AM CST - INFO - Hello request received
03:38:33 PM CST - INFO - Hello request received
07:01:33 AM CST - INFO - Serving on http://0.0.0.0:65161
03:27:00 PM CST - INFO - Hello request received
10:30:03 PM CST - INFO - Hello request received
11:39:39 AM CST - INFO - Hello request received
02:02:36 PM CST - INFO - Hello request received
09:51:35 AM CST - INFO - Hello request received
06:47:39 AM CST - INFO - Hello request received
11:28:13 AM CST - INFO - Hello request received
01:06:28 PM CST - INFO - Hello request received
11:17:22 AM CST - INFO - Hello request received
08:37:21 AM CST - INFO - Hello request received
10:36:19 AM CST - INFO - Hello request received
11:44:33 AM CST - INFO - Hello request received
06:43:00 AM CST - INFO - Hello request received
05:25:52 PM CST - INFO - Hello request received
08:44:51 PM CST - INFO - Serving on http://0.0.0.0:65161
09:19:37 PM CST - INFO - Hello request received
09:19:41 PM CST - INFO - Hello request received
09:19:47 PM CST - INFO - Hello request received
09:20:03 PM CST - INFO - Hello request received
09:20:14 PM CST - INFO - Hello request received
09:20:40 PM CST - INFO - Hello request received
09:20:41 PM CST - INFO - Hello request received
09:20:46 PM CST - INFO - Hello request received
09:20:51 PM CST - INFO - Hello request received
09:22:38 PM CST - INFO - Hello request received
10:54:55 AM CST - INFO - Hello request received
10:54:58 AM CST - INFO - Hello request received
10:54:58 AM CST - INFO - Hello request received
10:55:13 AM CST - INFO - Hello request received
02:14:48 PM CST - INFO - Hello request received
04:24:45 PM CST - INFO - Hello request received
06:29:40 PM CST - INFO - Hello request received
09:03:01 PM CST - INFO - Hello request received
09:27:36 PM CST - INFO - Hello request received
09:58:44 PM CST - INFO - Hello request received
09:58:44 PM CST - INFO - Hello request received
09:58:47 PM CST - INFO - Hello request received
10:53:23 PM CST - INFO - Hello request received
10:53:23 PM CST - INFO - Hello request received
10:53:27 PM CST - INFO - Hello request received
10:54:12 PM CST - INFO - Hello request received
10:54:12 PM CST - INFO - Hello request received
10:54:14 PM CST - INFO - Hello request received
10:55:27 PM CST - INFO - Hello request received
06:57:48 PM CST - INFO - Hello request received
06:57:56 PM CST - INFO - Hello request received
06:58:08 PM CST - INFO - Hello request received
07:29:06 PM CST - INFO - Hello request received
09:22:32 PM CST - INFO - Hello request received
10:17:36 AM CST - INFO - Hello request received
10:34:00 AM CST - INFO - Hello request received
11:53:42 AM CST - INFO - Serving on http://0.0.0.0:65161
11:54:11 AM CST - INFO - Hello request received
03:29:09 PM CST - INFO - Serving on http://0.0.0.0:65161
03:29:20 PM CST - INFO - Serving on http://0.0.0.0:65161
03:30:43 PM CST - INFO - Hello request received
06:16:43 PM CST - INFO - Serving on http://0.0.0.0:65161
06:21:50 PM CST - INFO - Hello request received
06:21:54 PM CST - INFO - Hello request received
06:22:42 PM CST - INFO - Hello request received
06:22:43 PM CST - INFO - Hello request received
06:22:47 PM CST - INFO - Hello request received
06:22:55 PM CST - INFO - Hello request received
07:08:22 PM CST - INFO - Hello request received
07:08:28 PM CST - INFO - Hello request received
07:08:29 PM CST - INFO - Hello request received
09:00:48 PM CST - INFO - Hello request received
01:59:06 PM CST - INFO - Serving on http://0.0.0.0:65161
01:59:07 PM CST - INFO - Hello request received
02:53:07 PM CST - WARNING - Task queue depth is 1
02:53:07 PM CST - INFO - Hello request received
02:53:18 PM CST - INFO - Hello request received
02:53:36 PM CST - INFO - Hello request received
02:54:06 PM CST - INFO - Hello request received
02:54:24 PM CST - INFO - Hello request received
02:54:36 PM CST - INFO - Hello request received
02:54:38 PM CST - INFO - Hello request received
02:54:41 PM CST - INFO - Hello request received
03:12:08 PM CST - INFO - Hello request received
05:29:15 PM CST - INFO - Hello request received
06:16:52 PM CST - INFO - Hello request received
02:52:45 AM CST - INFO - Hello request received
02:52:45 AM CST - INFO - Hello request received
02:52:49 AM CST - INFO - Hello request received
02:54:02 AM CST - INFO - Hello request received
02:58:10 AM CST - INFO - Hello request received
03:27:29 AM CST - INFO - Hello request received
03:27:47 AM CST - INFO - Hello request received
03:30:39 AM CST - INFO - Hello request received
08:04:42 AM CST - INFO - Serving on http://0.0.0.0:65161
10:48:44 AM CST - INFO - Hello request received
11:15:45 AM CST - INFO - Hello request received
02:15:13 PM CST - INFO - Hello request received
02:51:18 PM CST - INFO - Hello request received
02:51:21 PM CST - INFO - Hello request received
03:17:56 PM CST - INFO - Hello request received
03:28:58 PM CST - INFO - Hello request received
03:40:18 PM CST - INFO - Hello request received
